<?xml version="1.0" encoding="UTF-8"?>
<testsuite xmlns:xsi="http://www.w3.org/2001/XMLSchema-instance" xsi:noNamespaceSchemaLocation="https://maven.apache.org/surefire/maven-surefire-plugin/xsd/surefire-test-report.xsd" name="co.empathy.academy.demo_search.service.SearchServiceImplTest" time="0.018" tests="6" errors="0" skipped="0" failures="0">
  <properties>
    <property name="java.specification.version" value="17"/>
    <property name="sun.jnu.encoding" value="UTF-8"/>
    <property name="java.class.path" value="/Users/mariolombas/Documents/SpringBootW2/target/test-classes:/Users/mariolombas/Documents/SpringBootW2/target/classes:/Users/mariolombas/.m2/repository/org/springframework/boot/spring-boot-starter-web/2.6.12/spring-boot-starter-web-2.6.12.jar:/Users/mariolombas/.m2/repository/org/springframework/boot/spring-boot-starter/2.6.12/spring-boot-starter-2.6.12.jar:/Users/mariolombas/.m2/repository/org/springframework/boot/spring-boot/2.6.12/spring-boot-2.6.12.jar:/Users/mariolombas/.m2/repository/org/springframework/boot/spring-boot-autoconfigure/2.6.12/spring-boot-autoconfigure-2.6.12.jar:/Users/mariolombas/.m2/repository/org/springframework/boot/spring-boot-starter-logging/2.6.12/spring-boot-starter-logging-2.6.12.jar:/Users/mariolombas/.m2/repository/ch/qos/logback/logback-classic/1.2.11/logback-classic-1.2.11.jar:/Users/mariolombas/.m2/repository/ch/qos/logback/logback-core/1.2.11/logback-core-1.2.11.jar:/Users/mariolombas/.m2/repository/org/apache/logging/log4j/log4j-to-slf4j/2.17.2/log4j-to-slf4j-2.17.2.jar:/Users/mariolombas/.m2/repository/org/slf4j/jul-to-slf4j/1.7.36/jul-to-slf4j-1.7.36.jar:/Users/mariolombas/.m2/repository/jakarta/annotation/jakarta.annotation-api/1.3.5/jakarta.annotation-api-1.3.5.jar:/Users/mariolombas/.m2/repository/org/yaml/snakeyaml/1.29/snakeyaml-1.29.jar:/Users/mariolombas/.m2/repository/org/springframework/boot/spring-boot-starter-json/2.6.12/spring-boot-starter-json-2.6.12.jar:/Users/mariolombas/.m2/repository/com/fasterxml/jackson/datatype/jackson-datatype-jdk8/2.13.4/jackson-datatype-jdk8-2.13.4.jar:/Users/mariolombas/.m2/repository/com/fasterxml/jackson/datatype/jackson-datatype-jsr310/2.13.4/jackson-datatype-jsr310-2.13.4.jar:/Users/mariolombas/.m2/repository/com/fasterxml/jackson/module/jackson-module-parameter-names/2.13.4/jackson-module-parameter-names-2.13.4.jar:/Users/mariolombas/.m2/repository/org/springframework/boot/spring-boot-starter-tomcat/2.6.12/spring-boot-starter-tomcat-2.6.12.jar:/Users/mariolombas/.m2/repository/org/apache/tomcat/embed/tomcat-embed-core/9.0.65/tomcat-embed-core-9.0.65.jar:/Users/mariolombas/.m2/repository/org/apache/tomcat/embed/tomcat-embed-el/9.0.65/tomcat-embed-el-9.0.65.jar:/Users/mariolombas/.m2/repository/org/apache/tomcat/embed/tomcat-embed-websocket/9.0.65/tomcat-embed-websocket-9.0.65.jar:/Users/mariolombas/.m2/repository/org/springframework/spring-web/5.3.23/spring-web-5.3.23.jar:/Users/mariolombas/.m2/repository/org/springframework/spring-beans/5.3.23/spring-beans-5.3.23.jar:/Users/mariolombas/.m2/repository/org/springframework/spring-webmvc/5.3.23/spring-webmvc-5.3.23.jar:/Users/mariolombas/.m2/repository/org/springframework/spring-aop/5.3.23/spring-aop-5.3.23.jar:/Users/mariolombas/.m2/repository/org/springframework/spring-expression/5.3.23/spring-expression-5.3.23.jar:/Users/mariolombas/.m2/repository/org/projectlombok/lombok/1.18.24/lombok-1.18.24.jar:/Users/mariolombas/.m2/repository/org/springframework/boot/spring-boot-starter-test/2.6.12/spring-boot-starter-test-2.6.12.jar:/Users/mariolombas/.m2/repository/org/springframework/boot/spring-boot-test/2.6.12/spring-boot-test-2.6.12.jar:/Users/mariolombas/.m2/repository/org/springframework/boot/spring-boot-test-autoconfigure/2.6.12/spring-boot-test-autoconfigure-2.6.12.jar:/Users/mariolombas/.m2/repository/com/jayway/jsonpath/json-path/2.6.0/json-path-2.6.0.jar:/Users/mariolombas/.m2/repository/net/minidev/json-smart/2.4.8/json-smart-2.4.8.jar:/Users/mariolombas/.m2/repository/net/minidev/accessors-smart/2.4.8/accessors-smart-2.4.8.jar:/Users/mariolombas/.m2/repository/org/ow2/asm/asm/9.1/asm-9.1.jar:/Users/mariolombas/.m2/repository/jakarta/xml/bind/jakarta.xml.bind-api/2.3.3/jakarta.xml.bind-api-2.3.3.jar:/Users/mariolombas/.m2/repository/jakarta/activation/jakarta.activation-api/1.2.2/jakarta.activation-api-1.2.2.jar:/Users/mariolombas/.m2/repository/org/assertj/assertj-core/3.21.0/assertj-core-3.21.0.jar:/Users/mariolombas/.m2/repository/org/hamcrest/hamcrest/2.2/hamcrest-2.2.jar:/Users/mariolombas/.m2/repository/org/junit/jupiter/junit-jupiter/5.8.2/junit-jupiter-5.8.2.jar:/Users/mariolombas/.m2/repository/org/junit/jupiter/junit-jupiter-api/5.8.2/junit-jupiter-api-5.8.2.jar:/Users/mariolombas/.m2/repository/org/opentest4j/opentest4j/1.2.0/opentest4j-1.2.0.jar:/Users/mariolombas/.m2/repository/org/junit/platform/junit-platform-commons/1.8.2/junit-platform-commons-1.8.2.jar:/Users/mariolombas/.m2/repository/org/apiguardian/apiguardian-api/1.1.2/apiguardian-api-1.1.2.jar:/Users/mariolombas/.m2/repository/org/junit/jupiter/junit-jupiter-params/5.8.2/junit-jupiter-params-5.8.2.jar:/Users/mariolombas/.m2/repository/org/junit/jupiter/junit-jupiter-engine/5.8.2/junit-jupiter-engine-5.8.2.jar:/Users/mariolombas/.m2/repository/org/junit/platform/junit-platform-engine/1.8.2/junit-platform-engine-1.8.2.jar:/Users/mariolombas/.m2/repository/org/mockito/mockito-core/4.0.0/mockito-core-4.0.0.jar:/Users/mariolombas/.m2/repository/net/bytebuddy/byte-buddy/1.11.22/byte-buddy-1.11.22.jar:/Users/mariolombas/.m2/repository/net/bytebuddy/byte-buddy-agent/1.11.22/byte-buddy-agent-1.11.22.jar:/Users/mariolombas/.m2/repository/org/objenesis/objenesis/3.2/objenesis-3.2.jar:/Users/mariolombas/.m2/repository/org/mockito/mockito-junit-jupiter/4.0.0/mockito-junit-jupiter-4.0.0.jar:/Users/mariolombas/.m2/repository/org/skyscreamer/jsonassert/1.5.1/jsonassert-1.5.1.jar:/Users/mariolombas/.m2/repository/com/vaadin/external/google/android-json/0.0.20131108.vaadin1/android-json-0.0.20131108.vaadin1.jar:/Users/mariolombas/.m2/repository/org/springframework/spring-core/5.3.23/spring-core-5.3.23.jar:/Users/mariolombas/.m2/repository/org/springframework/spring-jcl/5.3.23/spring-jcl-5.3.23.jar:/Users/mariolombas/.m2/repository/org/springframework/spring-test/5.3.23/spring-test-5.3.23.jar:/Users/mariolombas/.m2/repository/org/xmlunit/xmlunit-core/2.8.4/xmlunit-core-2.8.4.jar:/Users/mariolombas/.m2/repository/org/springframework/data/spring-data-elasticsearch/4.0.0.RELEASE/spring-data-elasticsearch-4.0.0.RELEASE.jar:/Users/mariolombas/.m2/repository/org/springframework/spring-context/5.3.23/spring-context-5.3.23.jar:/Users/mariolombas/.m2/repository/org/springframework/spring-tx/5.3.23/spring-tx-5.3.23.jar:/Users/mariolombas/.m2/repository/org/springframework/data/spring-data-commons/2.6.7/spring-data-commons-2.6.7.jar:/Users/mariolombas/.m2/repository/org/elasticsearch/client/transport/7.15.2/transport-7.15.2.jar:/Users/mariolombas/.m2/repository/org/elasticsearch/elasticsearch/7.15.2/elasticsearch-7.15.2.jar:/Users/mariolombas/.m2/repository/org/elasticsearch/elasticsearch-core/7.15.2/elasticsearch-core-7.15.2.jar:/Users/mariolombas/.m2/repository/org/elasticsearch/elasticsearch-secure-sm/7.15.2/elasticsearch-secure-sm-7.15.2.jar:/Users/mariolombas/.m2/repository/org/elasticsearch/elasticsearch-x-content/7.15.2/elasticsearch-x-content-7.15.2.jar:/Users/mariolombas/.m2/repository/com/fasterxml/jackson/dataformat/jackson-dataformat-smile/2.13.4/jackson-dataformat-smile-2.13.4.jar:/Users/mariolombas/.m2/repository/com/fasterxml/jackson/dataformat/jackson-dataformat-yaml/2.13.4/jackson-dataformat-yaml-2.13.4.jar:/Users/mariolombas/.m2/repository/com/fasterxml/jackson/dataformat/jackson-dataformat-cbor/2.13.4/jackson-dataformat-cbor-2.13.4.jar:/Users/mariolombas/.m2/repository/org/elasticsearch/elasticsearch-geo/7.15.2/elasticsearch-geo-7.15.2.jar:/Users/mariolombas/.m2/repository/org/apache/lucene/lucene-core/8.9.0/lucene-core-8.9.0.jar:/Users/mariolombas/.m2/repository/org/apache/lucene/lucene-analyzers-common/8.9.0/lucene-analyzers-common-8.9.0.jar:/Users/mariolombas/.m2/repository/org/apache/lucene/lucene-backward-codecs/8.9.0/lucene-backward-codecs-8.9.0.jar:/Users/mariolombas/.m2/repository/org/apache/lucene/lucene-grouping/8.9.0/lucene-grouping-8.9.0.jar:/Users/mariolombas/.m2/repository/org/apache/lucene/lucene-highlighter/8.9.0/lucene-highlighter-8.9.0.jar:/Users/mariolombas/.m2/repository/org/apache/lucene/lucene-join/8.9.0/lucene-join-8.9.0.jar:/Users/mariolombas/.m2/repository/org/apache/lucene/lucene-memory/8.9.0/lucene-memory-8.9.0.jar:/Users/mariolombas/.m2/repository/org/apache/lucene/lucene-misc/8.9.0/lucene-misc-8.9.0.jar:/Users/mariolombas/.m2/repository/org/apache/lucene/lucene-queries/8.9.0/lucene-queries-8.9.0.jar:/Users/mariolombas/.m2/repository/org/apache/lucene/lucene-queryparser/8.9.0/lucene-queryparser-8.9.0.jar:/Users/mariolombas/.m2/repository/org/apache/lucene/lucene-sandbox/8.9.0/lucene-sandbox-8.9.0.jar:/Users/mariolombas/.m2/repository/org/apache/lucene/lucene-spatial-extras/8.9.0/lucene-spatial-extras-8.9.0.jar:/Users/mariolombas/.m2/repository/org/apache/lucene/lucene-spatial3d/8.9.0/lucene-spatial3d-8.9.0.jar:/Users/mariolombas/.m2/repository/org/apache/lucene/lucene-suggest/8.9.0/lucene-suggest-8.9.0.jar:/Users/mariolombas/.m2/repository/org/elasticsearch/elasticsearch-cli/7.15.2/elasticsearch-cli-7.15.2.jar:/Users/mariolombas/.m2/repository/net/sf/jopt-simple/jopt-simple/5.0.2/jopt-simple-5.0.2.jar:/Users/mariolombas/.m2/repository/com/carrotsearch/hppc/0.8.1/hppc-0.8.1.jar:/Users/mariolombas/.m2/repository/org/lz4/lz4-java/1.8.0/lz4-java-1.8.0.jar:/Users/mariolombas/.m2/repository/joda-time/joda-time/2.10.10/joda-time-2.10.10.jar:/Users/mariolombas/.m2/repository/com/tdunning/t-digest/3.2/t-digest-3.2.jar:/Users/mariolombas/.m2/repository/org/hdrhistogram/HdrHistogram/2.1.9/HdrHistogram-2.1.9.jar:/Users/mariolombas/.m2/repository/org/apache/logging/log4j/log4j-api/2.17.2/log4j-api-2.17.2.jar:/Users/mariolombas/.m2/repository/org/elasticsearch/jna/5.7.0-1/jna-5.7.0-1.jar:/Users/mariolombas/.m2/repository/org/elasticsearch/elasticsearch-plugin-classloader/7.15.2/elasticsearch-plugin-classloader-7.15.2.jar:/Users/mariolombas/.m2/repository/org/elasticsearch/plugin/reindex-client/7.15.2/reindex-client-7.15.2.jar:/Users/mariolombas/.m2/repository/org/elasticsearch/elasticsearch-ssl-config/7.15.2/elasticsearch-ssl-config-7.15.2.jar:/Users/mariolombas/.m2/repository/org/elasticsearch/plugin/lang-mustache-client/7.15.2/lang-mustache-client-7.15.2.jar:/Users/mariolombas/.m2/repository/com/github/spullara/mustache/java/compiler/0.9.6/compiler-0.9.6.jar:/Users/mariolombas/.m2/repository/org/elasticsearch/plugin/percolator-client/7.15.2/percolator-client-7.15.2.jar:/Users/mariolombas/.m2/repository/org/elasticsearch/plugin/parent-join-client/7.15.2/parent-join-client-7.15.2.jar:/Users/mariolombas/.m2/repository/org/elasticsearch/plugin/rank-eval-client/7.15.2/rank-eval-client-7.15.2.jar:/Users/mariolombas/.m2/repository/org/elasticsearch/plugin/transport-netty4-client/7.15.2/transport-netty4-client-7.15.2.jar:/Users/mariolombas/.m2/repository/io/netty/netty-buffer/4.1.82.Final/netty-buffer-4.1.82.Final.jar:/Users/mariolombas/.m2/repository/io/netty/netty-codec/4.1.82.Final/netty-codec-4.1.82.Final.jar:/Users/mariolombas/.m2/repository/io/netty/netty-codec-http/4.1.82.Final/netty-codec-http-4.1.82.Final.jar:/Users/mariolombas/.m2/repository/io/netty/netty-common/4.1.82.Final/netty-common-4.1.82.Final.jar:/Users/mariolombas/.m2/repository/io/netty/netty-handler/4.1.82.Final/netty-handler-4.1.82.Final.jar:/Users/mariolombas/.m2/repository/io/netty/netty-resolver/4.1.82.Final/netty-resolver-4.1.82.Final.jar:/Users/mariolombas/.m2/repository/io/netty/netty-transport/4.1.82.Final/netty-transport-4.1.82.Final.jar:/Users/mariolombas/.m2/repository/org/elasticsearch/client/elasticsearch-rest-high-level-client/7.15.2/elasticsearch-rest-high-level-client-7.15.2.jar:/Users/mariolombas/.m2/repository/org/elasticsearch/client/elasticsearch-rest-client/7.15.2/elasticsearch-rest-client-7.15.2.jar:/Users/mariolombas/.m2/repository/org/apache/httpcomponents/httpclient/4.5.13/httpclient-4.5.13.jar:/Users/mariolombas/.m2/repository/org/apache/httpcomponents/httpcore/4.4.15/httpcore-4.4.15.jar:/Users/mariolombas/.m2/repository/org/apache/httpcomponents/httpasyncclient/4.1.5/httpasyncclient-4.1.5.jar:/Users/mariolombas/.m2/repository/org/apache/httpcomponents/httpcore-nio/4.4.15/httpcore-nio-4.4.15.jar:/Users/mariolombas/.m2/repository/commons-codec/commons-codec/1.15/commons-codec-1.15.jar:/Users/mariolombas/.m2/repository/org/elasticsearch/plugin/mapper-extras-client/7.15.2/mapper-extras-client-7.15.2.jar:/Users/mariolombas/.m2/repository/org/elasticsearch/plugin/aggs-matrix-stats-client/7.15.2/aggs-matrix-stats-client-7.15.2.jar:/Users/mariolombas/.m2/repository/com/fasterxml/jackson/core/jackson-core/2.13.4/jackson-core-2.13.4.jar:/Users/mariolombas/.m2/repository/com/fasterxml/jackson/core/jackson-databind/2.13.4/jackson-databind-2.13.4.jar:/Users/mariolombas/.m2/repository/com/fasterxml/jackson/core/jackson-annotations/2.13.4/jackson-annotations-2.13.4.jar:/Users/mariolombas/.m2/repository/org/slf4j/slf4j-api/1.7.36/slf4j-api-1.7.36.jar:/Users/mariolombas/.m2/repository/org/springframework/boot/spring-boot-configuration-processor/2.0.1.RELEASE/spring-boot-configuration-processor-2.0.1.RELEASE.jar:/Users/mariolombas/.m2/repository/org/json/json/20190722/json-20190722.jar:/Users/mariolombas/.m2/repository/junit/junit/4.13.2/junit-4.13.2.jar:/Users/mariolombas/.m2/repository/org/hamcrest/hamcrest-core/2.2/hamcrest-core-2.2.jar:"/>
    <property name="java.vm.vendor" value="Eclipse Adoptium"/>
    <property name="sun.arch.data.model" value="64"/>
    <property name="java.vendor.url" value="https://adoptium.net/"/>
    <property name="os.name" value="Mac OS X"/>
    <property name="java.vm.specification.version" value="17"/>
    <property name="sun.java.launcher" value="SUN_STANDARD"/>
    <property name="user.country" value="GB"/>
    <property name="sun.boot.library.path" value="/Users/mariolombas/.sdkman/candidates/java/17.0.1-tem/lib"/>
    <property name="sun.java.command" value="/Users/mariolombas/Documents/SpringBootW2/target/surefire/surefirebooter15604670628309147555.jar /Users/mariolombas/Documents/SpringBootW2/target/surefire 2022-11-02T10-11-38_978-jvmRun1 surefire17794712636719262820tmp surefire_014329170190031261822tmp"/>
    <property name="http.nonProxyHosts" value="local|*.local|169.254/16|*.169.254/16"/>
    <property name="jdk.debug" value="release"/>
    <property name="surefire.test.class.path" value="/Users/mariolombas/Documents/SpringBootW2/target/test-classes:/Users/mariolombas/Documents/SpringBootW2/target/classes:/Users/mariolombas/.m2/repository/org/springframework/boot/spring-boot-starter-web/2.6.12/spring-boot-starter-web-2.6.12.jar:/Users/mariolombas/.m2/repository/org/springframework/boot/spring-boot-starter/2.6.12/spring-boot-starter-2.6.12.jar:/Users/mariolombas/.m2/repository/org/springframework/boot/spring-boot/2.6.12/spring-boot-2.6.12.jar:/Users/mariolombas/.m2/repository/org/springframework/boot/spring-boot-autoconfigure/2.6.12/spring-boot-autoconfigure-2.6.12.jar:/Users/mariolombas/.m2/repository/org/springframework/boot/spring-boot-starter-logging/2.6.12/spring-boot-starter-logging-2.6.12.jar:/Users/mariolombas/.m2/repository/ch/qos/logback/logback-classic/1.2.11/logback-classic-1.2.11.jar:/Users/mariolombas/.m2/repository/ch/qos/logback/logback-core/1.2.11/logback-core-1.2.11.jar:/Users/mariolombas/.m2/repository/org/apache/logging/log4j/log4j-to-slf4j/2.17.2/log4j-to-slf4j-2.17.2.jar:/Users/mariolombas/.m2/repository/org/slf4j/jul-to-slf4j/1.7.36/jul-to-slf4j-1.7.36.jar:/Users/mariolombas/.m2/repository/jakarta/annotation/jakarta.annotation-api/1.3.5/jakarta.annotation-api-1.3.5.jar:/Users/mariolombas/.m2/repository/org/yaml/snakeyaml/1.29/snakeyaml-1.29.jar:/Users/mariolombas/.m2/repository/org/springframework/boot/spring-boot-starter-json/2.6.12/spring-boot-starter-json-2.6.12.jar:/Users/mariolombas/.m2/repository/com/fasterxml/jackson/datatype/jackson-datatype-jdk8/2.13.4/jackson-datatype-jdk8-2.13.4.jar:/Users/mariolombas/.m2/repository/com/fasterxml/jackson/datatype/jackson-datatype-jsr310/2.13.4/jackson-datatype-jsr310-2.13.4.jar:/Users/mariolombas/.m2/repository/com/fasterxml/jackson/module/jackson-module-parameter-names/2.13.4/jackson-module-parameter-names-2.13.4.jar:/Users/mariolombas/.m2/repository/org/springframework/boot/spring-boot-starter-tomcat/2.6.12/spring-boot-starter-tomcat-2.6.12.jar:/Users/mariolombas/.m2/repository/org/apache/tomcat/embed/tomcat-embed-core/9.0.65/tomcat-embed-core-9.0.65.jar:/Users/mariolombas/.m2/repository/org/apache/tomcat/embed/tomcat-embed-el/9.0.65/tomcat-embed-el-9.0.65.jar:/Users/mariolombas/.m2/repository/org/apache/tomcat/embed/tomcat-embed-websocket/9.0.65/tomcat-embed-websocket-9.0.65.jar:/Users/mariolombas/.m2/repository/org/springframework/spring-web/5.3.23/spring-web-5.3.23.jar:/Users/mariolombas/.m2/repository/org/springframework/spring-beans/5.3.23/spring-beans-5.3.23.jar:/Users/mariolombas/.m2/repository/org/springframework/spring-webmvc/5.3.23/spring-webmvc-5.3.23.jar:/Users/mariolombas/.m2/repository/org/springframework/spring-aop/5.3.23/spring-aop-5.3.23.jar:/Users/mariolombas/.m2/repository/org/springframework/spring-expression/5.3.23/spring-expression-5.3.23.jar:/Users/mariolombas/.m2/repository/org/projectlombok/lombok/1.18.24/lombok-1.18.24.jar:/Users/mariolombas/.m2/repository/org/springframework/boot/spring-boot-starter-test/2.6.12/spring-boot-starter-test-2.6.12.jar:/Users/mariolombas/.m2/repository/org/springframework/boot/spring-boot-test/2.6.12/spring-boot-test-2.6.12.jar:/Users/mariolombas/.m2/repository/org/springframework/boot/spring-boot-test-autoconfigure/2.6.12/spring-boot-test-autoconfigure-2.6.12.jar:/Users/mariolombas/.m2/repository/com/jayway/jsonpath/json-path/2.6.0/json-path-2.6.0.jar:/Users/mariolombas/.m2/repository/net/minidev/json-smart/2.4.8/json-smart-2.4.8.jar:/Users/mariolombas/.m2/repository/net/minidev/accessors-smart/2.4.8/accessors-smart-2.4.8.jar:/Users/mariolombas/.m2/repository/org/ow2/asm/asm/9.1/asm-9.1.jar:/Users/mariolombas/.m2/repository/jakarta/xml/bind/jakarta.xml.bind-api/2.3.3/jakarta.xml.bind-api-2.3.3.jar:/Users/mariolombas/.m2/repository/jakarta/activation/jakarta.activation-api/1.2.2/jakarta.activation-api-1.2.2.jar:/Users/mariolombas/.m2/repository/org/assertj/assertj-core/3.21.0/assertj-core-3.21.0.jar:/Users/mariolombas/.m2/repository/org/hamcrest/hamcrest/2.2/hamcrest-2.2.jar:/Users/mariolombas/.m2/repository/org/junit/jupiter/junit-jupiter/5.8.2/junit-jupiter-5.8.2.jar:/Users/mariolombas/.m2/repository/org/junit/jupiter/junit-jupiter-api/5.8.2/junit-jupiter-api-5.8.2.jar:/Users/mariolombas/.m2/repository/org/opentest4j/opentest4j/1.2.0/opentest4j-1.2.0.jar:/Users/mariolombas/.m2/repository/org/junit/platform/junit-platform-commons/1.8.2/junit-platform-commons-1.8.2.jar:/Users/mariolombas/.m2/repository/org/apiguardian/apiguardian-api/1.1.2/apiguardian-api-1.1.2.jar:/Users/mariolombas/.m2/repository/org/junit/jupiter/junit-jupiter-params/5.8.2/junit-jupiter-params-5.8.2.jar:/Users/mariolombas/.m2/repository/org/junit/jupiter/junit-jupiter-engine/5.8.2/junit-jupiter-engine-5.8.2.jar:/Users/mariolombas/.m2/repository/org/junit/platform/junit-platform-engine/1.8.2/junit-platform-engine-1.8.2.jar:/Users/mariolombas/.m2/repository/org/mockito/mockito-core/4.0.0/mockito-core-4.0.0.jar:/Users/mariolombas/.m2/repository/net/bytebuddy/byte-buddy/1.11.22/byte-buddy-1.11.22.jar:/Users/mariolombas/.m2/repository/net/bytebuddy/byte-buddy-agent/1.11.22/byte-buddy-agent-1.11.22.jar:/Users/mariolombas/.m2/repository/org/objenesis/objenesis/3.2/objenesis-3.2.jar:/Users/mariolombas/.m2/repository/org/mockito/mockito-junit-jupiter/4.0.0/mockito-junit-jupiter-4.0.0.jar:/Users/mariolombas/.m2/repository/org/skyscreamer/jsonassert/1.5.1/jsonassert-1.5.1.jar:/Users/mariolombas/.m2/repository/com/vaadin/external/google/android-json/0.0.20131108.vaadin1/android-json-0.0.20131108.vaadin1.jar:/Users/mariolombas/.m2/repository/org/springframework/spring-core/5.3.23/spring-core-5.3.23.jar:/Users/mariolombas/.m2/repository/org/springframework/spring-jcl/5.3.23/spring-jcl-5.3.23.jar:/Users/mariolombas/.m2/repository/org/springframework/spring-test/5.3.23/spring-test-5.3.23.jar:/Users/mariolombas/.m2/repository/org/xmlunit/xmlunit-core/2.8.4/xmlunit-core-2.8.4.jar:/Users/mariolombas/.m2/repository/org/springframework/data/spring-data-elasticsearch/4.0.0.RELEASE/spring-data-elasticsearch-4.0.0.RELEASE.jar:/Users/mariolombas/.m2/repository/org/springframework/spring-context/5.3.23/spring-context-5.3.23.jar:/Users/mariolombas/.m2/repository/org/springframework/spring-tx/5.3.23/spring-tx-5.3.23.jar:/Users/mariolombas/.m2/repository/org/springframework/data/spring-data-commons/2.6.7/spring-data-commons-2.6.7.jar:/Users/mariolombas/.m2/repository/org/elasticsearch/client/transport/7.15.2/transport-7.15.2.jar:/Users/mariolombas/.m2/repository/org/elasticsearch/elasticsearch/7.15.2/elasticsearch-7.15.2.jar:/Users/mariolombas/.m2/repository/org/elasticsearch/elasticsearch-core/7.15.2/elasticsearch-core-7.15.2.jar:/Users/mariolombas/.m2/repository/org/elasticsearch/elasticsearch-secure-sm/7.15.2/elasticsearch-secure-sm-7.15.2.jar:/Users/mariolombas/.m2/repository/org/elasticsearch/elasticsearch-x-content/7.15.2/elasticsearch-x-content-7.15.2.jar:/Users/mariolombas/.m2/repository/com/fasterxml/jackson/dataformat/jackson-dataformat-smile/2.13.4/jackson-dataformat-smile-2.13.4.jar:/Users/mariolombas/.m2/repository/com/fasterxml/jackson/dataformat/jackson-dataformat-yaml/2.13.4/jackson-dataformat-yaml-2.13.4.jar:/Users/mariolombas/.m2/repository/com/fasterxml/jackson/dataformat/jackson-dataformat-cbor/2.13.4/jackson-dataformat-cbor-2.13.4.jar:/Users/mariolombas/.m2/repository/org/elasticsearch/elasticsearch-geo/7.15.2/elasticsearch-geo-7.15.2.jar:/Users/mariolombas/.m2/repository/org/apache/lucene/lucene-core/8.9.0/lucene-core-8.9.0.jar:/Users/mariolombas/.m2/repository/org/apache/lucene/lucene-analyzers-common/8.9.0/lucene-analyzers-common-8.9.0.jar:/Users/mariolombas/.m2/repository/org/apache/lucene/lucene-backward-codecs/8.9.0/lucene-backward-codecs-8.9.0.jar:/Users/mariolombas/.m2/repository/org/apache/lucene/lucene-grouping/8.9.0/lucene-grouping-8.9.0.jar:/Users/mariolombas/.m2/repository/org/apache/lucene/lucene-highlighter/8.9.0/lucene-highlighter-8.9.0.jar:/Users/mariolombas/.m2/repository/org/apache/lucene/lucene-join/8.9.0/lucene-join-8.9.0.jar:/Users/mariolombas/.m2/repository/org/apache/lucene/lucene-memory/8.9.0/lucene-memory-8.9.0.jar:/Users/mariolombas/.m2/repository/org/apache/lucene/lucene-misc/8.9.0/lucene-misc-8.9.0.jar:/Users/mariolombas/.m2/repository/org/apache/lucene/lucene-queries/8.9.0/lucene-queries-8.9.0.jar:/Users/mariolombas/.m2/repository/org/apache/lucene/lucene-queryparser/8.9.0/lucene-queryparser-8.9.0.jar:/Users/mariolombas/.m2/repository/org/apache/lucene/lucene-sandbox/8.9.0/lucene-sandbox-8.9.0.jar:/Users/mariolombas/.m2/repository/org/apache/lucene/lucene-spatial-extras/8.9.0/lucene-spatial-extras-8.9.0.jar:/Users/mariolombas/.m2/repository/org/apache/lucene/lucene-spatial3d/8.9.0/lucene-spatial3d-8.9.0.jar:/Users/mariolombas/.m2/repository/org/apache/lucene/lucene-suggest/8.9.0/lucene-suggest-8.9.0.jar:/Users/mariolombas/.m2/repository/org/elasticsearch/elasticsearch-cli/7.15.2/elasticsearch-cli-7.15.2.jar:/Users/mariolombas/.m2/repository/net/sf/jopt-simple/jopt-simple/5.0.2/jopt-simple-5.0.2.jar:/Users/mariolombas/.m2/repository/com/carrotsearch/hppc/0.8.1/hppc-0.8.1.jar:/Users/mariolombas/.m2/repository/org/lz4/lz4-java/1.8.0/lz4-java-1.8.0.jar:/Users/mariolombas/.m2/repository/joda-time/joda-time/2.10.10/joda-time-2.10.10.jar:/Users/mariolombas/.m2/repository/com/tdunning/t-digest/3.2/t-digest-3.2.jar:/Users/mariolombas/.m2/repository/org/hdrhistogram/HdrHistogram/2.1.9/HdrHistogram-2.1.9.jar:/Users/mariolombas/.m2/repository/org/apache/logging/log4j/log4j-api/2.17.2/log4j-api-2.17.2.jar:/Users/mariolombas/.m2/repository/org/elasticsearch/jna/5.7.0-1/jna-5.7.0-1.jar:/Users/mariolombas/.m2/repository/org/elasticsearch/elasticsearch-plugin-classloader/7.15.2/elasticsearch-plugin-classloader-7.15.2.jar:/Users/mariolombas/.m2/repository/org/elasticsearch/plugin/reindex-client/7.15.2/reindex-client-7.15.2.jar:/Users/mariolombas/.m2/repository/org/elasticsearch/elasticsearch-ssl-config/7.15.2/elasticsearch-ssl-config-7.15.2.jar:/Users/mariolombas/.m2/repository/org/elasticsearch/plugin/lang-mustache-client/7.15.2/lang-mustache-client-7.15.2.jar:/Users/mariolombas/.m2/repository/com/github/spullara/mustache/java/compiler/0.9.6/compiler-0.9.6.jar:/Users/mariolombas/.m2/repository/org/elasticsearch/plugin/percolator-client/7.15.2/percolator-client-7.15.2.jar:/Users/mariolombas/.m2/repository/org/elasticsearch/plugin/parent-join-client/7.15.2/parent-join-client-7.15.2.jar:/Users/mariolombas/.m2/repository/org/elasticsearch/plugin/rank-eval-client/7.15.2/rank-eval-client-7.15.2.jar:/Users/mariolombas/.m2/repository/org/elasticsearch/plugin/transport-netty4-client/7.15.2/transport-netty4-client-7.15.2.jar:/Users/mariolombas/.m2/repository/io/netty/netty-buffer/4.1.82.Final/netty-buffer-4.1.82.Final.jar:/Users/mariolombas/.m2/repository/io/netty/netty-codec/4.1.82.Final/netty-codec-4.1.82.Final.jar:/Users/mariolombas/.m2/repository/io/netty/netty-codec-http/4.1.82.Final/netty-codec-http-4.1.82.Final.jar:/Users/mariolombas/.m2/repository/io/netty/netty-common/4.1.82.Final/netty-common-4.1.82.Final.jar:/Users/mariolombas/.m2/repository/io/netty/netty-handler/4.1.82.Final/netty-handler-4.1.82.Final.jar:/Users/mariolombas/.m2/repository/io/netty/netty-resolver/4.1.82.Final/netty-resolver-4.1.82.Final.jar:/Users/mariolombas/.m2/repository/io/netty/netty-transport/4.1.82.Final/netty-transport-4.1.82.Final.jar:/Users/mariolombas/.m2/repository/org/elasticsearch/client/elasticsearch-rest-high-level-client/7.15.2/elasticsearch-rest-high-level-client-7.15.2.jar:/Users/mariolombas/.m2/repository/org/elasticsearch/client/elasticsearch-rest-client/7.15.2/elasticsearch-rest-client-7.15.2.jar:/Users/mariolombas/.m2/repository/org/apache/httpcomponents/httpclient/4.5.13/httpclient-4.5.13.jar:/Users/mariolombas/.m2/repository/org/apache/httpcomponents/httpcore/4.4.15/httpcore-4.4.15.jar:/Users/mariolombas/.m2/repository/org/apache/httpcomponents/httpasyncclient/4.1.5/httpasyncclient-4.1.5.jar:/Users/mariolombas/.m2/repository/org/apache/httpcomponents/httpcore-nio/4.4.15/httpcore-nio-4.4.15.jar:/Users/mariolombas/.m2/repository/commons-codec/commons-codec/1.15/commons-codec-1.15.jar:/Users/mariolombas/.m2/repository/org/elasticsearch/plugin/mapper-extras-client/7.15.2/mapper-extras-client-7.15.2.jar:/Users/mariolombas/.m2/repository/org/elasticsearch/plugin/aggs-matrix-stats-client/7.15.2/aggs-matrix-stats-client-7.15.2.jar:/Users/mariolombas/.m2/repository/com/fasterxml/jackson/core/jackson-core/2.13.4/jackson-core-2.13.4.jar:/Users/mariolombas/.m2/repository/com/fasterxml/jackson/core/jackson-databind/2.13.4/jackson-databind-2.13.4.jar:/Users/mariolombas/.m2/repository/com/fasterxml/jackson/core/jackson-annotations/2.13.4/jackson-annotations-2.13.4.jar:/Users/mariolombas/.m2/repository/org/slf4j/slf4j-api/1.7.36/slf4j-api-1.7.36.jar:/Users/mariolombas/.m2/repository/org/springframework/boot/spring-boot-configuration-processor/2.0.1.RELEASE/spring-boot-configuration-processor-2.0.1.RELEASE.jar:/Users/mariolombas/.m2/repository/org/json/json/20190722/json-20190722.jar:/Users/mariolombas/.m2/repository/junit/junit/4.13.2/junit-4.13.2.jar:/Users/mariolombas/.m2/repository/org/hamcrest/hamcrest-core/2.2/hamcrest-core-2.2.jar:"/>
    <property name="sun.cpu.endian" value="little"/>
    <property name="user.home" value="/Users/mariolombas"/>
    <property name="user.language" value="en"/>
    <property name="java.specification.vendor" value="Oracle Corporation"/>
    <property name="java.version.date" value="2021-10-19"/>
    <property name="java.home" value="/Users/mariolombas/.sdkman/candidates/java/17.0.1-tem"/>
    <property name="file.separator" value="/"/>
    <property name="basedir" value="/Users/mariolombas/Documents/SpringBootW2"/>
    <property name="java.vm.compressedOopsMode" value="Zero based"/>
    <property name="line.separator" value="&#10;"/>
    <property name="java.specification.name" value="Java Platform API Specification"/>
    <property name="java.vm.specification.vendor" value="Oracle Corporation"/>
    <property name="surefire.real.class.path" value="/Users/mariolombas/Documents/SpringBootW2/target/surefire/surefirebooter15604670628309147555.jar"/>
    <property name="sun.management.compiler" value="HotSpot 64-Bit Tiered Compilers"/>
    <property name="ftp.nonProxyHosts" value="local|*.local|169.254/16|*.169.254/16"/>
    <property name="java.runtime.version" value="17.0.1+12"/>
    <property name="user.name" value="mariolombas"/>
    <property name="path.separator" value=":"/>
    <property name="os.version" value="11.3"/>
    <property name="java.runtime.name" value="OpenJDK Runtime Environment"/>
    <property name="file.encoding" value="UTF-8"/>
    <property name="java.vm.name" value="OpenJDK 64-Bit Server VM"/>
    <property name="java.vendor.version" value="Temurin-17.0.1+12"/>
    <property name="localRepository" value="/Users/mariolombas/.m2/repository"/>
    <property name="java.vendor.url.bug" value="https://github.com/adoptium/adoptium-support/issues"/>
    <property name="java.io.tmpdir" value="/var/folders/jf/vgzv6xcd7wb83c8qt77_l5500000gn/T/"/>
    <property name="java.version" value="17.0.1"/>
    <property name="user.dir" value="/Users/mariolombas/Documents/SpringBootW2"/>
    <property name="os.arch" value="x86_64"/>
    <property name="java.vm.specification.name" value="Java Virtual Machine Specification"/>
    <property name="native.encoding" value="UTF-8"/>
    <property name="java.library.path" value="/Users/mariolombas/Library/Java/Extensions:/Library/Java/Extensions:/Network/Library/Java/Extensions:/System/Library/Java/Extensions:/usr/lib/java:."/>
    <property name="java.vm.info" value="mixed mode, sharing"/>
    <property name="java.vendor" value="Eclipse Adoptium"/>
    <property name="java.vm.version" value="17.0.1+12"/>
    <property name="sun.io.unicode.encoding" value="UnicodeBig"/>
    <property name="socksNonProxyHosts" value="local|*.local|169.254/16|*.169.254/16"/>
    <property name="java.class.version" value="61.0"/>
  </properties>
  <testcase name="givenAListOfGenres_whenGenresAreSearched_thenGenresWithAndIsCalled" classname="co.empathy.academy.demo_search.service.SearchServiceImplTest" time="0.011"/>
  <testcase name="givenASearchServiceImpl_whenAskedForEngineVersion_thenReturnsSameAsEngine" classname="co.empathy.academy.demo_search.service.SearchServiceImplTest" time="0.002"/>
  <testcase name="givenAListOfGenres_whenGenresWithOrAreSearched_thenGenresWithOrIsCalled" classname="co.empathy.academy.demo_search.service.SearchServiceImplTest" time="0.001"/>
  <testcase name="givenAnyQuery_whenEcho_thenSameIsReturned" classname="co.empathy.academy.demo_search.service.SearchServiceImplTest" time="0.001"/>
  <testcase name="givenAMovie_whenMovieIsPosted_thenMovieIsPosted" classname="co.empathy.academy.demo_search.service.SearchServiceImplTest" time="0.001"/>
  <testcase name="givenATitle_whenSearchTitle_thenTitleIsSearched" classname="co.empathy.academy.demo_search.service.SearchServiceImplTest" time="0.001"/>
</testsuite>